Using pre-set license
Built from '2021.1/staging' branch; Version is '2021.1.12f1 (afcadd793de6) revision 11520733'; Using compiler version '192528614'; Build Type 'Release'
OS: 'Windows 10 Home; OS build 19043.1237; Version 2009; 64bit' Language: 'en' Physical Memory: 32704 MB
BatchMode: 1, IsHumanControllingUs: 0, StartBugReporterOnCrash: 0, Is64bit: 1, IsPro: 0

 COMMAND LINE ARGUMENTS:
E:\Unity\2021.1.12f1\Editor\Unity.exe
-adb2
-batchMode
-noUpm
-name
AssetImportWorker1
-projectPath
E:/Programming/Personal/LD49
-logFile
Logs/AssetImportWorker1.log
-srvPort
57895
Successfully changed project path to: E:/Programming/Personal/LD49
E:/Programming/Personal/LD49
Using Asset Import Pipeline V2.
Refreshing native plugins compatible for Editor in 75.68 ms, found 3 plugins.
Preloading 0 native plugins for Editor in 0.00 ms.
Initialize engine version: 2021.1.12f1 (afcadd793de6)
[Subsystems] Discovering subsystems at path E:/Unity/2021.1.12f1/Editor/Data/Resources/UnitySubsystems
[Subsystems] Discovering subsystems at path E:/Programming/Personal/LD49/Assets
GfxDevice: creating device client; threaded=0; jobified=0
Direct3D:
    Version:  Direct3D 11.0 [level 11.1]
    Renderer: NVIDIA GeForce GTX 1060 6GB (ID=0x1c03)
    Vendor:   NVIDIA
    VRAM:     6052 MB
    Driver:   27.21.14.5671
Initialize mono
Mono path[0] = 'E:/Unity/2021.1.12f1/Editor/Data/Managed'
Mono path[1] = 'E:/Unity/2021.1.12f1/Editor/Data/MonoBleedingEdge/lib/mono/unityjit'
Mono config path = 'E:/Unity/2021.1.12f1/Editor/Data/MonoBleedingEdge/etc'
Using monoOptions --debugger-agent=transport=dt_socket,embedding=1,server=y,suspend=n,address=127.0.0.1:56484
Begin MonoManager ReloadAssembly
Registering precompiled unity dll's ...
Register platform support module: E:/Unity/2021.1.12f1/Editor/Data/PlaybackEngines/WindowsStandaloneSupport/UnityEditor.WindowsStandalone.Extensions.dll
Registered in 0.001583 seconds.
Native extension for WindowsStandalone target not found
Refreshing native plugins compatible for Editor in 78.93 ms, found 3 plugins.
Preloading 0 native plugins for Editor in 0.00 ms.
Mono: successfully reloaded assembly
- Completed reload, in 16.078 seconds
Domain Reload Profiling:
	ReloadAssembly (16078ms)
		BeginReloadAssembly (61ms)
			ExecutionOrderSort (0ms)
			DisableScriptedObjects (0ms)
			BackupInstance (0ms)
			ReleaseScriptingObjects (0ms)
			CreateAndSetChildDomain (1ms)
		EndReloadAssembly (708ms)
			LoadAssemblies (60ms)
			RebuildTransferFunctionScriptingTraits (0ms)
			SetupTypeCache (151ms)
			ReleaseScriptCaches (0ms)
			RebuildScriptCaches (28ms)
			SetupLoadedEditorAssemblies (486ms)
				LogAssemblyErrors (0ms)
				InitializePlatformSupportModulesInManaged (5ms)
				SetLoadedEditorAssemblies (0ms)
				RefreshPlugins (79ms)
				BeforeProcessingInitializeOnLoad (1ms)
				ProcessInitializeOnLoadAttributes (98ms)
				ProcessInitializeOnLoadMethodAttributes (302ms)
				AfterProcessingInitializeOnLoad (0ms)
				EditorAssembliesLoaded (0ms)
			ExecutionOrderSort2 (0ms)
			AwakeInstancesAfterBackupRestoration (0ms)
Platform modules already initialized, skipping
Registering precompiled user dll's ...
Registered in 0.005582 seconds.
Begin MonoManager ReloadAssembly
Symbol file LoadedFromMemory doesn't match image E:\Programming\Personal\LD49\Library\PackageCache\com.unity.visualscripting@1.6.1\Editor\VisualScripting.Core\Dependencies\YamlDotNet\Unity.VisualScripting.YamlDotNet.dll
Symbol file LoadedFromMemory doesn't match image E:\Programming\Personal\LD49\Library\PackageCache\com.unity.visualscripting@1.6.1\Editor\VisualScripting.Core\Dependencies\DotNetZip\Unity.VisualScripting.IonicZip.dll
Native extension for WindowsStandalone target not found
Refreshing native plugins compatible for Editor in 0.69 ms, found 3 plugins.
Preloading 0 native plugins for Editor in 0.00 ms.
Mono: successfully reloaded assembly
- Completed reload, in  6.190 seconds
Domain Reload Profiling:
	ReloadAssembly (6191ms)
		BeginReloadAssembly (155ms)
			ExecutionOrderSort (0ms)
			DisableScriptedObjects (5ms)
			BackupInstance (0ms)
			ReleaseScriptingObjects (0ms)
			CreateAndSetChildDomain (21ms)
		EndReloadAssembly (5978ms)
			LoadAssemblies (94ms)
			RebuildTransferFunctionScriptingTraits (0ms)
			SetupTypeCache (5457ms)
			ReleaseScriptCaches (1ms)
			RebuildScriptCaches (46ms)
			SetupLoadedEditorAssemblies (307ms)
				LogAssemblyErrors (0ms)
				InitializePlatformSupportModulesInManaged (4ms)
				SetLoadedEditorAssemblies (0ms)
				RefreshPlugins (1ms)
				BeforeProcessingInitializeOnLoad (59ms)
				ProcessInitializeOnLoadAttributes (235ms)
				ProcessInitializeOnLoadMethodAttributes (6ms)
				AfterProcessingInitializeOnLoad (2ms)
				EditorAssembliesLoaded (0ms)
			ExecutionOrderSort2 (0ms)
			AwakeInstancesAfterBackupRestoration (6ms)
Platform modules already initialized, skipping
========================================================================
Worker process is ready to serve import requests
Launched and connected shader compiler UnityShaderCompiler.exe after 0.12 seconds
Refreshing native plugins compatible for Editor in 0.62 ms, found 3 plugins.
Preloading 0 native plugins for Editor in 0.00 ms.
Unloading 2951 Unused Serialized files (Serialized files now loaded: 0)
System memory in use before: 119.0 MB.
System memory in use after: 119.2 MB.

Unloading 22 unused Assets to reduce memory usage. Loaded Objects now: 3420.
Total: 2.292900 ms (FindLiveObjects: 0.356300 ms CreateObjectMapping: 0.074500 ms MarkObjects: 1.795700 ms  DeleteObjects: 0.065000 ms)

AssetImportParameters requested are different than current active one (requested -> active):
  custom:framework-win-MediaFoundation: 216162199b28c13a410421893ffa2e32 -> 
  custom:video-decoder-ogg-theora: a1e56fd34408186e4bbccfd4996cb3dc -> 
  custom:container-muxer-webm: aa71ff27fc2769a1b78a27578f13a17b -> 
  custom:container-demuxer-webm: 4f35f7cbe854078d1ac9338744f61a02 -> 
  custom:container-demuxer-ogg: 62fdf1f143b41e24485cea50d1cbac27 -> 
  custom:video-encoder-webm-vp8: eb34c28f22e8b96e1ab97ce403110664 -> 
  custom:video-decoder-webm-vp8: 9c59270c3fd7afecdb556c50c9e8de78 -> 
  custom:audio-decoder-ogg-vorbis: bf7c407c2cedff20999df2af8eb42d56 -> 
  custom:audio-encoder-webm-vorbis: bf7c407c2cedff20999df2af8eb42d56 -> 
========================================================================
Received Import Request.
  path: Assets/Scripts/Player.cs
  artifactKey: Guid(d08ecaf618889d24387713ecb3f639ad) Importer(815301076,1909f56bfc062723c751e8b465ee728b)
Start importing Assets/Scripts/Player.cs using Guid(d08ecaf618889d24387713ecb3f639ad) Importer(815301076,1909f56bfc062723c751e8b465ee728b)  -> (artifact id: 'a886a7b93b9e137045ab80459a96c9ae') in 0.038872 seconds 
========================================================================
Received Prepare
Registering precompiled user dll's ...
Registered in 0.006650 seconds.
Begin MonoManager ReloadAssembly
Symbol file LoadedFromMemory doesn't match image E:\Programming\Personal\LD49\Library\PackageCache\com.unity.visualscripting@1.6.1\Editor\VisualScripting.Core\Dependencies\YamlDotNet\Unity.VisualScripting.YamlDotNet.dll
Symbol file LoadedFromMemory doesn't match image E:\Programming\Personal\LD49\Library\PackageCache\com.unity.visualscripting@1.6.1\Editor\VisualScripting.Core\Dependencies\DotNetZip\Unity.VisualScripting.IonicZip.dll
Native extension for WindowsStandalone target not found
Refreshing native plugins compatible for Editor in 0.79 ms, found 3 plugins.
Preloading 0 native plugins for Editor in 0.00 ms.
Mono: successfully reloaded assembly
- Completed reload, in  0.990 seconds
Domain Reload Profiling:
	ReloadAssembly (991ms)
		BeginReloadAssembly (129ms)
			ExecutionOrderSort (0ms)
			DisableScriptedObjects (4ms)
			BackupInstance (0ms)
			ReleaseScriptingObjects (0ms)
			CreateAndSetChildDomain (36ms)
		EndReloadAssembly (806ms)
			LoadAssemblies (95ms)
			RebuildTransferFunctionScriptingTraits (0ms)
			SetupTypeCache (325ms)
			ReleaseScriptCaches (2ms)
			RebuildScriptCaches (38ms)
			SetupLoadedEditorAssemblies (272ms)
				LogAssemblyErrors (0ms)
				InitializePlatformSupportModulesInManaged (5ms)
				SetLoadedEditorAssemblies (0ms)
				RefreshPlugins (1ms)
				BeforeProcessingInitializeOnLoad (43ms)
				ProcessInitializeOnLoadAttributes (215ms)
				ProcessInitializeOnLoadMethodAttributes (5ms)
				AfterProcessingInitializeOnLoad (2ms)
				EditorAssembliesLoaded (0ms)
			ExecutionOrderSort2 (0ms)
			AwakeInstancesAfterBackupRestoration (6ms)
Platform modules already initialized, skipping
Refreshing native plugins compatible for Editor in 0.80 ms, found 3 plugins.
Preloading 0 native plugins for Editor in 0.00 ms.
Unloading 2946 Unused Serialized files (Serialized files now loaded: 0)
System memory in use before: 119.1 MB.
System memory in use after: 119.3 MB.

Unloading 18 unused Assets to reduce memory usage. Loaded Objects now: 3423.
Total: 2.427300 ms (FindLiveObjects: 0.322600 ms CreateObjectMapping: 0.076000 ms MarkObjects: 1.963700 ms  DeleteObjects: 0.063800 ms)

AssetImportParameters requested are different than current active one (requested -> active):
  custom:framework-win-MediaFoundation: 216162199b28c13a410421893ffa2e32 -> 
  custom:video-decoder-ogg-theora: a1e56fd34408186e4bbccfd4996cb3dc -> 
  custom:container-muxer-webm: aa71ff27fc2769a1b78a27578f13a17b -> 
  custom:container-demuxer-webm: 4f35f7cbe854078d1ac9338744f61a02 -> 
  custom:container-demuxer-ogg: 62fdf1f143b41e24485cea50d1cbac27 -> 
  custom:video-encoder-webm-vp8: eb34c28f22e8b96e1ab97ce403110664 -> 
  custom:video-decoder-webm-vp8: 9c59270c3fd7afecdb556c50c9e8de78 -> 
  custom:audio-decoder-ogg-vorbis: bf7c407c2cedff20999df2af8eb42d56 -> 
  custom:audio-encoder-webm-vorbis: bf7c407c2cedff20999df2af8eb42d56 -> 
========================================================================
Received Import Request.
  Time since last request: 105.737565 seconds.
  path: Assets/Scripts/Player.cs
  artifactKey: Guid(d08ecaf618889d24387713ecb3f639ad) Importer(815301076,1909f56bfc062723c751e8b465ee728b)
Start importing Assets/Scripts/Player.cs using Guid(d08ecaf618889d24387713ecb3f639ad) Importer(815301076,1909f56bfc062723c751e8b465ee728b)  -> (artifact id: 'a40d22d923a828f0828198cfdfcd3472') in 0.006302 seconds 
========================================================================
Received Prepare
Registering precompiled user dll's ...
Registered in 0.004943 seconds.
Begin MonoManager ReloadAssembly
Symbol file LoadedFromMemory doesn't match image E:\Programming\Personal\LD49\Library\PackageCache\com.unity.visualscripting@1.6.1\Editor\VisualScripting.Core\Dependencies\YamlDotNet\Unity.VisualScripting.YamlDotNet.dll
Symbol file LoadedFromMemory doesn't match image E:\Programming\Personal\LD49\Library\PackageCache\com.unity.visualscripting@1.6.1\Editor\VisualScripting.Core\Dependencies\DotNetZip\Unity.VisualScripting.IonicZip.dll
Native extension for WindowsStandalone target not found
Refreshing native plugins compatible for Editor in 0.72 ms, found 3 plugins.
Preloading 0 native plugins for Editor in 0.00 ms.
Mono: successfully reloaded assembly
- Completed reload, in  0.984 seconds
Domain Reload Profiling:
	ReloadAssembly (984ms)
		BeginReloadAssembly (130ms)
			ExecutionOrderSort (0ms)
			DisableScriptedObjects (4ms)
			BackupInstance (0ms)
			ReleaseScriptingObjects (0ms)
			CreateAndSetChildDomain (35ms)
		EndReloadAssembly (798ms)
			LoadAssemblies (98ms)
			RebuildTransferFunctionScriptingTraits (0ms)
			SetupTypeCache (318ms)
			ReleaseScriptCaches (1ms)
			RebuildScriptCaches (41ms)
			SetupLoadedEditorAssemblies (267ms)
				LogAssemblyErrors (0ms)
				InitializePlatformSupportModulesInManaged (5ms)
				SetLoadedEditorAssemblies (0ms)
				RefreshPlugins (1ms)
				BeforeProcessingInitializeOnLoad (45ms)
				ProcessInitializeOnLoadAttributes (209ms)
				ProcessInitializeOnLoadMethodAttributes (4ms)
				AfterProcessingInitializeOnLoad (2ms)
				EditorAssembliesLoaded (0ms)
			ExecutionOrderSort2 (0ms)
			AwakeInstancesAfterBackupRestoration (6ms)
Platform modules already initialized, skipping
Refreshing native plugins compatible for Editor in 1.06 ms, found 3 plugins.
Preloading 0 native plugins for Editor in 0.00 ms.
Unloading 2946 Unused Serialized files (Serialized files now loaded: 0)
System memory in use before: 119.1 MB.
System memory in use after: 119.3 MB.

Unloading 18 unused Assets to reduce memory usage. Loaded Objects now: 3426.
Total: 2.834500 ms (FindLiveObjects: 0.349200 ms CreateObjectMapping: 0.080700 ms MarkObjects: 2.337400 ms  DeleteObjects: 0.065700 ms)

AssetImportParameters requested are different than current active one (requested -> active):
  custom:framework-win-MediaFoundation: 216162199b28c13a410421893ffa2e32 -> 
  custom:video-decoder-ogg-theora: a1e56fd34408186e4bbccfd4996cb3dc -> 
  custom:container-muxer-webm: aa71ff27fc2769a1b78a27578f13a17b -> 
  custom:container-demuxer-webm: 4f35f7cbe854078d1ac9338744f61a02 -> 
  custom:container-demuxer-ogg: 62fdf1f143b41e24485cea50d1cbac27 -> 
  custom:video-encoder-webm-vp8: eb34c28f22e8b96e1ab97ce403110664 -> 
  custom:video-decoder-webm-vp8: 9c59270c3fd7afecdb556c50c9e8de78 -> 
  custom:audio-decoder-ogg-vorbis: bf7c407c2cedff20999df2af8eb42d56 -> 
  custom:audio-encoder-webm-vorbis: bf7c407c2cedff20999df2af8eb42d56 -> 
========================================================================
Received Import Request.
  Time since last request: 58.117677 seconds.
  path: Assets/Scripts/Player.cs
  artifactKey: Guid(d08ecaf618889d24387713ecb3f639ad) Importer(815301076,1909f56bfc062723c751e8b465ee728b)
Start importing Assets/Scripts/Player.cs using Guid(d08ecaf618889d24387713ecb3f639ad) Importer(815301076,1909f56bfc062723c751e8b465ee728b)  -> (artifact id: '0c26aa3ffc6b0fad9871ea3b8c366cbe') in 0.006029 seconds 
========================================================================
Received Import Request.
  Time since last request: 184.192770 seconds.
  path: Assets/RedSquish2N.png
  artifactKey: Guid(13e07982ff8101b4f8f273dd9df03673) Importer(815301076,1909f56bfc062723c751e8b465ee728b)
Start importing Assets/RedSquish2N.png using Guid(13e07982ff8101b4f8f273dd9df03673) Importer(815301076,1909f56bfc062723c751e8b465ee728b)  -> (artifact id: 'ef7f34b476db8defd81603f1b81ca3e3') in 0.170413 seconds 
========================================================================
Received Import Request.
  Time since last request: 0.000187 seconds.
  path: Assets/woodN.png
  artifactKey: Guid(c4e8420183f076b42b57a195700cc2e5) Importer(815301076,1909f56bfc062723c751e8b465ee728b)
Start importing Assets/woodN.png using Guid(c4e8420183f076b42b57a195700cc2e5) Importer(815301076,1909f56bfc062723c751e8b465ee728b)  -> (artifact id: '22d761a3222a4364d3b9c90ded2e2f9e') in 0.015140 seconds 
========================================================================
Received Prepare
Registering precompiled user dll's ...
Registered in 0.005187 seconds.
Begin MonoManager ReloadAssembly
Symbol file LoadedFromMemory doesn't match image E:\Programming\Personal\LD49\Library\PackageCache\com.unity.visualscripting@1.6.1\Editor\VisualScripting.Core\Dependencies\YamlDotNet\Unity.VisualScripting.YamlDotNet.dll
Symbol file LoadedFromMemory doesn't match image E:\Programming\Personal\LD49\Library\PackageCache\com.unity.visualscripting@1.6.1\Editor\VisualScripting.Core\Dependencies\DotNetZip\Unity.VisualScripting.IonicZip.dll
Native extension for WindowsStandalone target not found
Refreshing native plugins compatible for Editor in 0.72 ms, found 3 plugins.
Preloading 0 native plugins for Editor in 0.00 ms.
Mono: successfully reloaded assembly
- Completed reload, in  0.978 seconds
Domain Reload Profiling:
	ReloadAssembly (979ms)
		BeginReloadAssembly (115ms)
			ExecutionOrderSort (0ms)
			DisableScriptedObjects (4ms)
			BackupInstance (0ms)
			ReleaseScriptingObjects (0ms)
			CreateAndSetChildDomain (38ms)
		EndReloadAssembly (810ms)
			LoadAssemblies (93ms)
			RebuildTransferFunctionScriptingTraits (0ms)
			SetupTypeCache (329ms)
			ReleaseScriptCaches (1ms)
			RebuildScriptCaches (40ms)
			SetupLoadedEditorAssemblies (263ms)
				LogAssemblyErrors (0ms)
				InitializePlatformSupportModulesInManaged (4ms)
				SetLoadedEditorAssemblies (0ms)
				RefreshPlugins (1ms)
				BeforeProcessingInitializeOnLoad (43ms)
				ProcessInitializeOnLoadAttributes (208ms)
				ProcessInitializeOnLoadMethodAttributes (4ms)
				AfterProcessingInitializeOnLoad (3ms)
				EditorAssembliesLoaded (0ms)
			ExecutionOrderSort2 (0ms)
			AwakeInstancesAfterBackupRestoration (12ms)
Platform modules already initialized, skipping
Refreshing native plugins compatible for Editor in 0.69 ms, found 3 plugins.
Preloading 0 native plugins for Editor in 0.00 ms.
Unloading 2948 Unused Serialized files (Serialized files now loaded: 0)
System memory in use before: 123.8 MB.
System memory in use after: 124.0 MB.

Unloading 18 unused Assets to reduce memory usage. Loaded Objects now: 3463.
Total: 2.193800 ms (FindLiveObjects: 0.289900 ms CreateObjectMapping: 0.074800 ms MarkObjects: 1.770600 ms  DeleteObjects: 0.057200 ms)

AssetImportParameters requested are different than current active one (requested -> active):
  custom:framework-win-MediaFoundation: 216162199b28c13a410421893ffa2e32 -> 
  custom:video-decoder-ogg-theora: a1e56fd34408186e4bbccfd4996cb3dc -> 
  custom:container-muxer-webm: aa71ff27fc2769a1b78a27578f13a17b -> 
  custom:container-demuxer-webm: 4f35f7cbe854078d1ac9338744f61a02 -> 
  custom:container-demuxer-ogg: 62fdf1f143b41e24485cea50d1cbac27 -> 
  custom:video-encoder-webm-vp8: eb34c28f22e8b96e1ab97ce403110664 -> 
  custom:video-decoder-webm-vp8: 9c59270c3fd7afecdb556c50c9e8de78 -> 
  custom:audio-decoder-ogg-vorbis: bf7c407c2cedff20999df2af8eb42d56 -> 
  custom:audio-encoder-webm-vorbis: bf7c407c2cedff20999df2af8eb42d56 -> 
========================================================================
Received Import Request.
  Time since last request: 81.927432 seconds.
  path: Assets/Prefabs/Seesaw.prefab
  artifactKey: Guid(61be3d004f952b54ab46af8ccc23545f) Importer(815301076,1909f56bfc062723c751e8b465ee728b)
Start importing Assets/Prefabs/Seesaw.prefab using Guid(61be3d004f952b54ab46af8ccc23545f) Importer(815301076,1909f56bfc062723c751e8b465ee728b)  -> (artifact id: '8d583b2ab35e4441ec54f74db3a0848e') in 0.088907 seconds 
========================================================================
Received Import Request.
  Time since last request: 2.037550 seconds.
  path: Assets/Prefabs/Seesaw.prefab
  artifactKey: Guid(61be3d004f952b54ab46af8ccc23545f) Importer(815301076,1909f56bfc062723c751e8b465ee728b)
Start importing Assets/Prefabs/Seesaw.prefab using Guid(61be3d004f952b54ab46af8ccc23545f) Importer(815301076,1909f56bfc062723c751e8b465ee728b)  -> (artifact id: 'efefca73df8bf8b10725c9577a1ccbf5') in 0.018663 seconds 
========================================================================
Received Import Request.
  Time since last request: 1.182527 seconds.
  path: Assets/Prefabs/Seesaw.prefab
  artifactKey: Guid(61be3d004f952b54ab46af8ccc23545f) Importer(815301076,1909f56bfc062723c751e8b465ee728b)
Start importing Assets/Prefabs/Seesaw.prefab using Guid(61be3d004f952b54ab46af8ccc23545f) Importer(815301076,1909f56bfc062723c751e8b465ee728b)  -> (artifact id: '7d18d53a5629085b5b02e8dff9d5324b') in 0.020553 seconds 
========================================================================
Received Import Request.
  Time since last request: 1.420756 seconds.
  path: Assets/Prefabs/Seesaw.prefab
  artifactKey: Guid(61be3d004f952b54ab46af8ccc23545f) Importer(815301076,1909f56bfc062723c751e8b465ee728b)
Start importing Assets/Prefabs/Seesaw.prefab using Guid(61be3d004f952b54ab46af8ccc23545f) Importer(815301076,1909f56bfc062723c751e8b465ee728b)  -> (artifact id: '617de9ff1f9bced37cfacbc53efcd244') in 0.017756 seconds 
========================================================================
Received Import Request.
  Time since last request: 0.914798 seconds.
  path: Assets/Prefabs/Seesaw.prefab
  artifactKey: Guid(61be3d004f952b54ab46af8ccc23545f) Importer(815301076,1909f56bfc062723c751e8b465ee728b)
Start importing Assets/Prefabs/Seesaw.prefab using Guid(61be3d004f952b54ab46af8ccc23545f) Importer(815301076,1909f56bfc062723c751e8b465ee728b)  -> (artifact id: '085429ae09d30268e57d229169b542c6') in 0.012465 seconds 
========================================================================
Received Import Request.
  Time since last request: 13.322501 seconds.
  path: Assets/Prefabs/Seesaw.prefab
  artifactKey: Guid(61be3d004f952b54ab46af8ccc23545f) Importer(815301076,1909f56bfc062723c751e8b465ee728b)
Start importing Assets/Prefabs/Seesaw.prefab using Guid(61be3d004f952b54ab46af8ccc23545f) Importer(815301076,1909f56bfc062723c751e8b465ee728b)  -> (artifact id: 'b2cb94e72867a56df017a329fd790857') in 0.011140 seconds 
========================================================================
Received Import Request.
  Time since last request: 4.843856 seconds.
  path: Assets/Prefabs/Seesaw.prefab
  artifactKey: Guid(61be3d004f952b54ab46af8ccc23545f) Importer(815301076,1909f56bfc062723c751e8b465ee728b)
Start importing Assets/Prefabs/Seesaw.prefab using Guid(61be3d004f952b54ab46af8ccc23545f) Importer(815301076,1909f56bfc062723c751e8b465ee728b)  -> (artifact id: '514db58c15be1bcd7a0d89cae37581a8') in 0.011423 seconds 
========================================================================
Received Import Request.
  Time since last request: 6.178477 seconds.
  path: Assets/Prefabs/Seesaw.prefab
  artifactKey: Guid(61be3d004f952b54ab46af8ccc23545f) Importer(815301076,1909f56bfc062723c751e8b465ee728b)
Start importing Assets/Prefabs/Seesaw.prefab using Guid(61be3d004f952b54ab46af8ccc23545f) Importer(815301076,1909f56bfc062723c751e8b465ee728b)  -> (artifact id: '8da063663da2502c691425b33319af81') in 0.049935 seconds 
========================================================================
Received Import Request.
  Time since last request: 9.424518 seconds.
  path: Assets/Prefabs/Seesaw.prefab
  artifactKey: Guid(61be3d004f952b54ab46af8ccc23545f) Importer(815301076,1909f56bfc062723c751e8b465ee728b)
Start importing Assets/Prefabs/Seesaw.prefab using Guid(61be3d004f952b54ab46af8ccc23545f) Importer(815301076,1909f56bfc062723c751e8b465ee728b)  -> (artifact id: 'a496a004cf6dee56f36111fd4cf5eaae') in 0.008376 seconds 
========================================================================
Received Import Request.
  Time since last request: 5.020146 seconds.
  path: Assets/Prefabs/Seesaw.prefab
  artifactKey: Guid(61be3d004f952b54ab46af8ccc23545f) Importer(815301076,1909f56bfc062723c751e8b465ee728b)
Start importing Assets/Prefabs/Seesaw.prefab using Guid(61be3d004f952b54ab46af8ccc23545f) Importer(815301076,1909f56bfc062723c751e8b465ee728b)  -> (artifact id: '241bf6489b2493d00fce736b0f7e481c') in 0.039696 seconds 
========================================================================
Received Import Request.
  Time since last request: 3.180787 seconds.
  path: Assets/Prefabs/Seesaw.prefab
  artifactKey: Guid(61be3d004f952b54ab46af8ccc23545f) Importer(815301076,1909f56bfc062723c751e8b465ee728b)
Start importing Assets/Prefabs/Seesaw.prefab using Guid(61be3d004f952b54ab46af8ccc23545f) Importer(815301076,1909f56bfc062723c751e8b465ee728b)  -> (artifact id: '0ea7ac9d0dca0f947af0ff4eeeca003b') in 0.011185 seconds 
========================================================================
Received Import Request.
  Time since last request: 9.642648 seconds.
  path: Assets/Prefabs/Seesaw.prefab
  artifactKey: Guid(61be3d004f952b54ab46af8ccc23545f) Importer(815301076,1909f56bfc062723c751e8b465ee728b)
Start importing Assets/Prefabs/Seesaw.prefab using Guid(61be3d004f952b54ab46af8ccc23545f) Importer(815301076,1909f56bfc062723c751e8b465ee728b)  -> (artifact id: '4e65fc344c8a1af6ed797164ffc1bb37') in 0.009572 seconds 
========================================================================
Received Import Request.
  Time since last request: 10.244224 seconds.
  path: Assets/Prefabs/Seesaw.prefab
  artifactKey: Guid(61be3d004f952b54ab46af8ccc23545f) Importer(815301076,1909f56bfc062723c751e8b465ee728b)
Start importing Assets/Prefabs/Seesaw.prefab using Guid(61be3d004f952b54ab46af8ccc23545f) Importer(815301076,1909f56bfc062723c751e8b465ee728b)  -> (artifact id: 'fd273b41515207184ccd2610c4274c87') in 0.012560 seconds 
========================================================================
Received Import Request.
  Time since last request: 5.412396 seconds.
  path: Assets/Prefabs/Seesaw.prefab
  artifactKey: Guid(61be3d004f952b54ab46af8ccc23545f) Importer(815301076,1909f56bfc062723c751e8b465ee728b)
Start importing Assets/Prefabs/Seesaw.prefab using Guid(61be3d004f952b54ab46af8ccc23545f) Importer(815301076,1909f56bfc062723c751e8b465ee728b)  -> (artifact id: 'ae9a219551dbab91d94b4ae691749e17') in 0.010631 seconds 
========================================================================
Received Import Request.
  Time since last request: 23.023402 seconds.
  path: Assets/Prefabs/Seesaw.prefab
  artifactKey: Guid(61be3d004f952b54ab46af8ccc23545f) Importer(815301076,1909f56bfc062723c751e8b465ee728b)
Start importing Assets/Prefabs/Seesaw.prefab using Guid(61be3d004f952b54ab46af8ccc23545f) Importer(815301076,1909f56bfc062723c751e8b465ee728b)  -> (artifact id: '130d924de45bc054e969f0db9d02f0da') in 0.011941 seconds 
========================================================================
Received Import Request.
  Time since last request: 1.643615 seconds.
  path: Assets/Prefabs/Seesaw.prefab
  artifactKey: Guid(61be3d004f952b54ab46af8ccc23545f) Importer(815301076,1909f56bfc062723c751e8b465ee728b)
Start importing Assets/Prefabs/Seesaw.prefab using Guid(61be3d004f952b54ab46af8ccc23545f) Importer(815301076,1909f56bfc062723c751e8b465ee728b)  -> (artifact id: '25dcc6e301fe804c0e4f57fa8fc995d8') in 0.012830 seconds 
========================================================================
Received Import Request.
  Time since last request: 1.964752 seconds.
  path: Assets/Prefabs/Seesaw.prefab
  artifactKey: Guid(61be3d004f952b54ab46af8ccc23545f) Importer(815301076,1909f56bfc062723c751e8b465ee728b)
Start importing Assets/Prefabs/Seesaw.prefab using Guid(61be3d004f952b54ab46af8ccc23545f) Importer(815301076,1909f56bfc062723c751e8b465ee728b)  -> (artifact id: 'c3783c04d12ba377039d84dc2521e6ef') in 0.040086 seconds 
========================================================================
Received Import Request.
  Time since last request: 39.764020 seconds.
  path: ProjectSettings/TagManager.asset
  artifactKey: Guid(00000000000000003000000000000000) Importer(815301076,1909f56bfc062723c751e8b465ee728b)
Start importing ProjectSettings/TagManager.asset using Guid(00000000000000003000000000000000) Importer(815301076,1909f56bfc062723c751e8b465ee728b)  -> (artifact id: '62d41973f4063d45c72628bc8fac94ab') in 0.008748 seconds 
========================================================================
Received Import Request.
  Time since last request: 73.268023 seconds.
  path: Assets/Prefabs/WindZone.prefab
  artifactKey: Guid(09f80583dc8d49a45bc693f650f6a570) Importer(815301076,1909f56bfc062723c751e8b465ee728b)
Start importing Assets/Prefabs/WindZone.prefab using Guid(09f80583dc8d49a45bc693f650f6a570) Importer(815301076,1909f56bfc062723c751e8b465ee728b)  -> (artifact id: '47dc29f93a568b9a35b1c9ccb9e04d5a') in 0.108854 seconds 
========================================================================
Received Prepare
Registering precompiled user dll's ...
Registered in 0.004411 seconds.
Begin MonoManager ReloadAssembly
Symbol file LoadedFromMemory doesn't match image E:\Programming\Personal\LD49\Library\PackageCache\com.unity.visualscripting@1.6.1\Editor\VisualScripting.Core\Dependencies\YamlDotNet\Unity.VisualScripting.YamlDotNet.dll
Symbol file LoadedFromMemory doesn't match image E:\Programming\Personal\LD49\Library\PackageCache\com.unity.visualscripting@1.6.1\Editor\VisualScripting.Core\Dependencies\DotNetZip\Unity.VisualScripting.IonicZip.dll
Native extension for WindowsStandalone target not found
Refreshing native plugins compatible for Editor in 0.65 ms, found 3 plugins.
Preloading 0 native plugins for Editor in 0.00 ms.
Mono: successfully reloaded assembly
- Completed reload, in  1.026 seconds
Domain Reload Profiling:
	ReloadAssembly (1027ms)
		BeginReloadAssembly (131ms)
			ExecutionOrderSort (0ms)
			DisableScriptedObjects (4ms)
			BackupInstance (0ms)
			ReleaseScriptingObjects (0ms)
			CreateAndSetChildDomain (40ms)
		EndReloadAssembly (836ms)
			LoadAssemblies (99ms)
			RebuildTransferFunctionScriptingTraits (0ms)
			SetupTypeCache (328ms)
			ReleaseScriptCaches (1ms)
			RebuildScriptCaches (39ms)
			SetupLoadedEditorAssemblies (282ms)
				LogAssemblyErrors (0ms)
				InitializePlatformSupportModulesInManaged (4ms)
				SetLoadedEditorAssemblies (0ms)
				RefreshPlugins (1ms)
				BeforeProcessingInitializeOnLoad (47ms)
				ProcessInitializeOnLoadAttributes (222ms)
				ProcessInitializeOnLoadMethodAttributes (5ms)
				AfterProcessingInitializeOnLoad (3ms)
				EditorAssembliesLoaded (0ms)
			ExecutionOrderSort2 (0ms)
			AwakeInstancesAfterBackupRestoration (13ms)
Platform modules already initialized, skipping
Refreshing native plugins compatible for Editor in 0.70 ms, found 3 plugins.
Preloading 0 native plugins for Editor in 0.00 ms.
Unloading 2946 Unused Serialized files (Serialized files now loaded: 0)
System memory in use before: 123.9 MB.
System memory in use after: 124.1 MB.

Unloading 20 unused Assets to reduce memory usage. Loaded Objects now: 3473.
Total: 2.299700 ms (FindLiveObjects: 0.294600 ms CreateObjectMapping: 0.080200 ms MarkObjects: 1.866700 ms  DeleteObjects: 0.057100 ms)

AssetImportParameters requested are different than current active one (requested -> active):
  custom:framework-win-MediaFoundation: 216162199b28c13a410421893ffa2e32 -> 
  custom:video-decoder-ogg-theora: a1e56fd34408186e4bbccfd4996cb3dc -> 
  custom:container-muxer-webm: aa71ff27fc2769a1b78a27578f13a17b -> 
  custom:container-demuxer-webm: 4f35f7cbe854078d1ac9338744f61a02 -> 
  custom:container-demuxer-ogg: 62fdf1f143b41e24485cea50d1cbac27 -> 
  custom:video-encoder-webm-vp8: eb34c28f22e8b96e1ab97ce403110664 -> 
  custom:video-decoder-webm-vp8: 9c59270c3fd7afecdb556c50c9e8de78 -> 
  custom:audio-decoder-ogg-vorbis: bf7c407c2cedff20999df2af8eb42d56 -> 
  custom:audio-encoder-webm-vorbis: bf7c407c2cedff20999df2af8eb42d56 -> 
========================================================================
Received Import Request.
  Time since last request: 43.711104 seconds.
  path: Assets/Prefabs/WindZone.prefab
  artifactKey: Guid(09f80583dc8d49a45bc693f650f6a570) Importer(815301076,1909f56bfc062723c751e8b465ee728b)
Start importing Assets/Prefabs/WindZone.prefab using Guid(09f80583dc8d49a45bc693f650f6a570) Importer(815301076,1909f56bfc062723c751e8b465ee728b)  -> (artifact id: '480f97355e24c06fdbcaa7fe12bd983e') in 0.047106 seconds 
========================================================================
Received Import Request.
  Time since last request: 15.645207 seconds.
  path: Assets/Prefabs/WindZone.prefab
  artifactKey: Guid(09f80583dc8d49a45bc693f650f6a570) Importer(815301076,1909f56bfc062723c751e8b465ee728b)
Start importing Assets/Prefabs/WindZone.prefab using Guid(09f80583dc8d49a45bc693f650f6a570) Importer(815301076,1909f56bfc062723c751e8b465ee728b)  -> (artifact id: 'dab0c53aa9bd5ff31d2804027df62148') in 0.029714 seconds 
========================================================================
Received Import Request.
  Time since last request: 5.788490 seconds.
  path: Assets/Prefabs/WindZone.prefab
  artifactKey: Guid(09f80583dc8d49a45bc693f650f6a570) Importer(815301076,1909f56bfc062723c751e8b465ee728b)
Start importing Assets/Prefabs/WindZone.prefab using Guid(09f80583dc8d49a45bc693f650f6a570) Importer(815301076,1909f56bfc062723c751e8b465ee728b)  -> (artifact id: '39a60af79d42c407f044480e66a29552') in 0.018565 seconds 
========================================================================
Received Import Request.
  Time since last request: 3.593390 seconds.
  path: Assets/Prefabs/WindZone.prefab
  artifactKey: Guid(09f80583dc8d49a45bc693f650f6a570) Importer(815301076,1909f56bfc062723c751e8b465ee728b)
Start importing Assets/Prefabs/WindZone.prefab using Guid(09f80583dc8d49a45bc693f650f6a570) Importer(815301076,1909f56bfc062723c751e8b465ee728b)  -> (artifact id: '50c8f30a6c69c67ddb42118fdbd3fd57') in 0.040425 seconds 
========================================================================
Received Import Request.
  Time since last request: 2.336824 seconds.
  path: Assets/Prefabs/WindZone.prefab
  artifactKey: Guid(09f80583dc8d49a45bc693f650f6a570) Importer(815301076,1909f56bfc062723c751e8b465ee728b)
Start importing Assets/Prefabs/WindZone.prefab using Guid(09f80583dc8d49a45bc693f650f6a570) Importer(815301076,1909f56bfc062723c751e8b465ee728b)  -> (artifact id: '37360ebf7bd402cbe49f65ad923f1070') in 0.063554 seconds 
========================================================================
Received Import Request.
  Time since last request: 1.973965 seconds.
  path: Assets/Prefabs/WindZone.prefab
  artifactKey: Guid(09f80583dc8d49a45bc693f650f6a570) Importer(815301076,1909f56bfc062723c751e8b465ee728b)
Start importing Assets/Prefabs/WindZone.prefab using Guid(09f80583dc8d49a45bc693f650f6a570) Importer(815301076,1909f56bfc062723c751e8b465ee728b)  -> (artifact id: 'ed651999810786505b8ba249ec2d1b23') in 0.039789 seconds 
========================================================================
Received Import Request.
  Time since last request: 3.675876 seconds.
  path: Assets/Prefabs/WindZone.prefab
  artifactKey: Guid(09f80583dc8d49a45bc693f650f6a570) Importer(815301076,1909f56bfc062723c751e8b465ee728b)
Start importing Assets/Prefabs/WindZone.prefab using Guid(09f80583dc8d49a45bc693f650f6a570) Importer(815301076,1909f56bfc062723c751e8b465ee728b)  -> (artifact id: 'a81fa893424570d3acb10f08dc744988') in 0.081880 seconds 
========================================================================
Received Import Request.
  Time since last request: 10.002039 seconds.
  path: Assets/Materials/LogMat.mat
  artifactKey: Guid(6688610a57c269149aa33e0f55bc6f5f) Importer(815301076,1909f56bfc062723c751e8b465ee728b)
Start importing Assets/Materials/LogMat.mat using Guid(6688610a57c269149aa33e0f55bc6f5f) Importer(815301076,1909f56bfc062723c751e8b465ee728b)  -> (artifact id: '768ef2f2b5d34802ea57d36bd07c8bd5') in 0.206303 seconds 
========================================================================
Received Import Request.
  Time since last request: 2.178086 seconds.
  path: Assets/Prefabs/WindZone.prefab
  artifactKey: Guid(09f80583dc8d49a45bc693f650f6a570) Importer(815301076,1909f56bfc062723c751e8b465ee728b)
Start importing Assets/Prefabs/WindZone.prefab using Guid(09f80583dc8d49a45bc693f650f6a570) Importer(815301076,1909f56bfc062723c751e8b465ee728b)  -> (artifact id: '6920ec78a7a0b065dbb2be90a88cde46') in 0.031573 seconds 
========================================================================
Received Import Request.
  Time since last request: 1.578462 seconds.
  path: Assets/Prefabs/WindZone.prefab
  artifactKey: Guid(09f80583dc8d49a45bc693f650f6a570) Importer(815301076,1909f56bfc062723c751e8b465ee728b)
Start importing Assets/Prefabs/WindZone.prefab using Guid(09f80583dc8d49a45bc693f650f6a570) Importer(815301076,1909f56bfc062723c751e8b465ee728b)  -> (artifact id: '0ba7e1f69019f092736b0b4693148b02') in 0.030709 seconds 
========================================================================
Received Import Request.
  Time since last request: 1.370731 seconds.
  path: Assets/Prefabs/WindZone.prefab
  artifactKey: Guid(09f80583dc8d49a45bc693f650f6a570) Importer(815301076,1909f56bfc062723c751e8b465ee728b)
Start importing Assets/Prefabs/WindZone.prefab using Guid(09f80583dc8d49a45bc693f650f6a570) Importer(815301076,1909f56bfc062723c751e8b465ee728b)  -> (artifact id: 'c52807056c899ad725bf24c08f788019') in 0.043408 seconds 
========================================================================
Received Import Request.
  Time since last request: 11.517535 seconds.
  path: Assets/Prefabs/WindZone.prefab
  artifactKey: Guid(09f80583dc8d49a45bc693f650f6a570) Importer(815301076,1909f56bfc062723c751e8b465ee728b)
Start importing Assets/Prefabs/WindZone.prefab using Guid(09f80583dc8d49a45bc693f650f6a570) Importer(815301076,1909f56bfc062723c751e8b465ee728b)  -> (artifact id: '585a077760e4f4bea715cd61572cff18') in 0.044992 seconds 
========================================================================
Received Import Request.
  Time since last request: 0.712331 seconds.
  path: Assets/Prefabs/WindZone.prefab
  artifactKey: Guid(09f80583dc8d49a45bc693f650f6a570) Importer(815301076,1909f56bfc062723c751e8b465ee728b)
Start importing Assets/Prefabs/WindZone.prefab using Guid(09f80583dc8d49a45bc693f650f6a570) Importer(815301076,1909f56bfc062723c751e8b465ee728b)  -> (artifact id: '264e50a9e29b3600277de554533b66ef') in 0.050546 seconds 
========================================================================
Received Import Request.
  Time since last request: 3.590567 seconds.
  path: Assets/Prefabs/WindZone.prefab
  artifactKey: Guid(09f80583dc8d49a45bc693f650f6a570) Importer(815301076,1909f56bfc062723c751e8b465ee728b)
Start importing Assets/Prefabs/WindZone.prefab using Guid(09f80583dc8d49a45bc693f650f6a570) Importer(815301076,1909f56bfc062723c751e8b465ee728b)  -> (artifact id: '40040e815c72e8e0419229b8a654a913') in 0.066819 seconds 
========================================================================
Received Import Request.
  Time since last request: 0.736700 seconds.
  path: Assets/Prefabs/WindZone.prefab
  artifactKey: Guid(09f80583dc8d49a45bc693f650f6a570) Importer(815301076,1909f56bfc062723c751e8b465ee728b)
Start importing Assets/Prefabs/WindZone.prefab using Guid(09f80583dc8d49a45bc693f650f6a570) Importer(815301076,1909f56bfc062723c751e8b465ee728b)  -> (artifact id: 'e7e11d988b07f44ab4d07fcbfd8d34cd') in 0.104150 seconds 
========================================================================
Received Import Request.
  Time since last request: 1.107238 seconds.
  path: Assets/Prefabs/WindZone.prefab
  artifactKey: Guid(09f80583dc8d49a45bc693f650f6a570) Importer(815301076,1909f56bfc062723c751e8b465ee728b)
Start importing Assets/Prefabs/WindZone.prefab using Guid(09f80583dc8d49a45bc693f650f6a570) Importer(815301076,1909f56bfc062723c751e8b465ee728b)  -> (artifact id: 'e76b91446deb3589381a16a8517960c9') in 0.040216 seconds 
========================================================================
Received Import Request.
  Time since last request: 0.967786 seconds.
  path: Assets/Prefabs/WindZone.prefab
  artifactKey: Guid(09f80583dc8d49a45bc693f650f6a570) Importer(815301076,1909f56bfc062723c751e8b465ee728b)
Start importing Assets/Prefabs/WindZone.prefab using Guid(09f80583dc8d49a45bc693f650f6a570) Importer(815301076,1909f56bfc062723c751e8b465ee728b)  -> (artifact id: '122d494628300e87c70cc3a8a53b97d0') in 0.041493 seconds 
========================================================================
Received Import Request.
  Time since last request: 0.773254 seconds.
  path: Assets/Prefabs/WindZone.prefab
  artifactKey: Guid(09f80583dc8d49a45bc693f650f6a570) Importer(815301076,1909f56bfc062723c751e8b465ee728b)
Start importing Assets/Prefabs/WindZone.prefab using Guid(09f80583dc8d49a45bc693f650f6a570) Importer(815301076,1909f56bfc062723c751e8b465ee728b)  -> (artifact id: '68365f5270f5802e1aec90616c58618f') in 0.046670 seconds 
========================================================================
Received Import Request.
  Time since last request: 1.726781 seconds.
  path: Assets/Prefabs/WindZone.prefab
  artifactKey: Guid(09f80583dc8d49a45bc693f650f6a570) Importer(815301076,1909f56bfc062723c751e8b465ee728b)
Start importing Assets/Prefabs/WindZone.prefab using Guid(09f80583dc8d49a45bc693f650f6a570) Importer(815301076,1909f56bfc062723c751e8b465ee728b)  -> (artifact id: '71e66a6868e19044b1e23ec6d8d97655') in 0.039517 seconds 
========================================================================
Received Import Request.
  Time since last request: 0.559775 seconds.
  path: Assets/Prefabs/WindZone.prefab
  artifactKey: Guid(09f80583dc8d49a45bc693f650f6a570) Importer(815301076,1909f56bfc062723c751e8b465ee728b)
Start importing Assets/Prefabs/WindZone.prefab using Guid(09f80583dc8d49a45bc693f650f6a570) Importer(815301076,1909f56bfc062723c751e8b465ee728b)  -> (artifact id: '527a8df869ebb4f202bfab31a11ade2a') in 0.037433 seconds 
========================================================================
Received Import Request.
  Time since last request: 0.341623 seconds.
  path: Assets/Prefabs/WindZone.prefab
  artifactKey: Guid(09f80583dc8d49a45bc693f650f6a570) Importer(815301076,1909f56bfc062723c751e8b465ee728b)
Start importing Assets/Prefabs/WindZone.prefab using Guid(09f80583dc8d49a45bc693f650f6a570) Importer(815301076,1909f56bfc062723c751e8b465ee728b)  -> (artifact id: 'c2442db60d4d5736a7ab44936835bb75') in 0.038285 seconds 
========================================================================
Received Import Request.
  Time since last request: 3.142827 seconds.
  path: Assets/Prefabs/WindZone.prefab
  artifactKey: Guid(09f80583dc8d49a45bc693f650f6a570) Importer(815301076,1909f56bfc062723c751e8b465ee728b)
Start importing Assets/Prefabs/WindZone.prefab using Guid(09f80583dc8d49a45bc693f650f6a570) Importer(815301076,1909f56bfc062723c751e8b465ee728b)  -> (artifact id: 'c540e402cb63a90d440be4e2683a1ca3') in 0.086032 seconds 
========================================================================
Received Import Request.
  Time since last request: 0.506401 seconds.
  path: Assets/Prefabs/WindZone.prefab
  artifactKey: Guid(09f80583dc8d49a45bc693f650f6a570) Importer(815301076,1909f56bfc062723c751e8b465ee728b)
Start importing Assets/Prefabs/WindZone.prefab using Guid(09f80583dc8d49a45bc693f650f6a570) Importer(815301076,1909f56bfc062723c751e8b465ee728b)  -> (artifact id: 'd4dc7126ccfff1212a13dfb43fd6d2b7') in 0.049155 seconds 
========================================================================
Received Import Request.
  Time since last request: 2.815865 seconds.
  path: Assets/Prefabs/WindZone.prefab
  artifactKey: Guid(09f80583dc8d49a45bc693f650f6a570) Importer(815301076,1909f56bfc062723c751e8b465ee728b)
Start importing Assets/Prefabs/WindZone.prefab using Guid(09f80583dc8d49a45bc693f650f6a570) Importer(815301076,1909f56bfc062723c751e8b465ee728b)  -> (artifact id: '32fc6b574dde3f8877ff790b6574dd4a') in 0.037487 seconds 
========================================================================
Received Import Request.
  Time since last request: 1.320414 seconds.
  path: Assets/Prefabs/WindZone.prefab
  artifactKey: Guid(09f80583dc8d49a45bc693f650f6a570) Importer(815301076,1909f56bfc062723c751e8b465ee728b)
Start importing Assets/Prefabs/WindZone.prefab using Guid(09f80583dc8d49a45bc693f650f6a570) Importer(815301076,1909f56bfc062723c751e8b465ee728b)  -> (artifact id: '8c7744fbbc5acea9d75e1efa7247d1f4') in 0.042863 seconds 
========================================================================
Received Import Request.
  Time since last request: 26.306294 seconds.
  path: Assets/Prefabs/WindZone.prefab
  artifactKey: Guid(09f80583dc8d49a45bc693f650f6a570) Importer(815301076,1909f56bfc062723c751e8b465ee728b)
Start importing Assets/Prefabs/WindZone.prefab using Guid(09f80583dc8d49a45bc693f650f6a570) Importer(815301076,1909f56bfc062723c751e8b465ee728b)  -> (artifact id: '33bd7cd185cb32a5b5fdb2c4571ae449') in 0.038588 seconds 
========================================================================
Received Import Request.
  Time since last request: 4.784469 seconds.
  path: Assets/Prefabs/WindZone.prefab
  artifactKey: Guid(09f80583dc8d49a45bc693f650f6a570) Importer(815301076,1909f56bfc062723c751e8b465ee728b)
Start importing Assets/Prefabs/WindZone.prefab using Guid(09f80583dc8d49a45bc693f650f6a570) Importer(815301076,1909f56bfc062723c751e8b465ee728b)  -> (artifact id: 'adde0ab2f69612b89fceef8914db2a44') in 0.070113 seconds 
========================================================================
Received Import Request.
  Time since last request: 6.616164 seconds.
  path: Assets/Prefabs/WindZone.prefab
  artifactKey: Guid(09f80583dc8d49a45bc693f650f6a570) Importer(815301076,1909f56bfc062723c751e8b465ee728b)
Start importing Assets/Prefabs/WindZone.prefab using Guid(09f80583dc8d49a45bc693f650f6a570) Importer(815301076,1909f56bfc062723c751e8b465ee728b)  -> (artifact id: '9d4396d4d658e0b0b2213b33740d94b4') in 0.112799 seconds 
========================================================================
Received Import Request.
  Time since last request: 5.235429 seconds.
  path: Assets/Prefabs/WindZone.prefab
  artifactKey: Guid(09f80583dc8d49a45bc693f650f6a570) Importer(815301076,1909f56bfc062723c751e8b465ee728b)
Start importing Assets/Prefabs/WindZone.prefab using Guid(09f80583dc8d49a45bc693f650f6a570) Importer(815301076,1909f56bfc062723c751e8b465ee728b)  -> (artifact id: '04d37ecd76d25e0f4eab6f7c455748f1') in 0.027411 seconds 
========================================================================
Received Import Request.
  Time since last request: 0.828629 seconds.
  path: Assets/Prefabs/WindZone.prefab
  artifactKey: Guid(09f80583dc8d49a45bc693f650f6a570) Importer(815301076,1909f56bfc062723c751e8b465ee728b)
Start importing Assets/Prefabs/WindZone.prefab using Guid(09f80583dc8d49a45bc693f650f6a570) Importer(815301076,1909f56bfc062723c751e8b465ee728b)  -> (artifact id: '97b727fde14e5a21191e6f06323abf02') in 0.035354 seconds 
========================================================================
Received Import Request.
  Time since last request: 1.795815 seconds.
  path: Assets/Prefabs/WindZone.prefab
  artifactKey: Guid(09f80583dc8d49a45bc693f650f6a570) Importer(815301076,1909f56bfc062723c751e8b465ee728b)
Start importing Assets/Prefabs/WindZone.prefab using Guid(09f80583dc8d49a45bc693f650f6a570) Importer(815301076,1909f56bfc062723c751e8b465ee728b)  -> (artifact id: 'f6bd05f4d6cfca8e212203162a6cc536') in 0.041389 seconds 
========================================================================
Received Import Request.
  Time since last request: 0.323643 seconds.
  path: Assets/Prefabs/WindZone.prefab
  artifactKey: Guid(09f80583dc8d49a45bc693f650f6a570) Importer(815301076,1909f56bfc062723c751e8b465ee728b)
Start importing Assets/Prefabs/WindZone.prefab using Guid(09f80583dc8d49a45bc693f650f6a570) Importer(815301076,1909f56bfc062723c751e8b465ee728b)  -> (artifact id: '05b6f72b55f67a1131e253c70a667a0f') in 0.043254 seconds 
========================================================================
Received Import Request.
  Time since last request: 1.396055 seconds.
  path: Assets/Prefabs/WindZone.prefab
  artifactKey: Guid(09f80583dc8d49a45bc693f650f6a570) Importer(815301076,1909f56bfc062723c751e8b465ee728b)
Start importing Assets/Prefabs/WindZone.prefab using Guid(09f80583dc8d49a45bc693f650f6a570) Importer(815301076,1909f56bfc062723c751e8b465ee728b)  -> (artifact id: '90d1111cbfd39b069530ada3158bb0d7') in 0.023803 seconds 
========================================================================
Received Import Request.
  Time since last request: 1.783528 seconds.
  path: Assets/Prefabs/WindZone.prefab
  artifactKey: Guid(09f80583dc8d49a45bc693f650f6a570) Importer(815301076,1909f56bfc062723c751e8b465ee728b)
Start importing Assets/Prefabs/WindZone.prefab using Guid(09f80583dc8d49a45bc693f650f6a570) Importer(815301076,1909f56bfc062723c751e8b465ee728b)  -> (artifact id: '08a4a7d6790391e4561b93292324db50') in 0.036106 seconds 
========================================================================
Received Import Request.
  Time since last request: 2.417323 seconds.
  path: Assets/Prefabs/WindZone.prefab
  artifactKey: Guid(09f80583dc8d49a45bc693f650f6a570) Importer(815301076,1909f56bfc062723c751e8b465ee728b)
Start importing Assets/Prefabs/WindZone.prefab using Guid(09f80583dc8d49a45bc693f650f6a570) Importer(815301076,1909f56bfc062723c751e8b465ee728b)  -> (artifact id: '92776edbb56a49cc379ed731ff6fdc75') in 0.069028 seconds 
========================================================================
Received Import Request.
  Time since last request: 6.196362 seconds.
  path: Assets/Prefabs/WindZone.prefab
  artifactKey: Guid(09f80583dc8d49a45bc693f650f6a570) Importer(815301076,1909f56bfc062723c751e8b465ee728b)
Start importing Assets/Prefabs/WindZone.prefab using Guid(09f80583dc8d49a45bc693f650f6a570) Importer(815301076,1909f56bfc062723c751e8b465ee728b)  -> (artifact id: '4ede6545b60e2f52828389910aba6475') in 0.049232 seconds 
========================================================================
Received Prepare
Registering precompiled user dll's ...
Registered in 0.004662 seconds.
Begin MonoManager ReloadAssembly
Symbol file LoadedFromMemory doesn't match image E:\Programming\Personal\LD49\Library\PackageCache\com.unity.visualscripting@1.6.1\Editor\VisualScripting.Core\Dependencies\YamlDotNet\Unity.VisualScripting.YamlDotNet.dll
Symbol file LoadedFromMemory doesn't match image E:\Programming\Personal\LD49\Library\PackageCache\com.unity.visualscripting@1.6.1\Editor\VisualScripting.Core\Dependencies\DotNetZip\Unity.VisualScripting.IonicZip.dll
Native extension for WindowsStandalone target not found
Refreshing native plugins compatible for Editor in 0.66 ms, found 3 plugins.
Preloading 0 native plugins for Editor in 0.00 ms.
Mono: successfully reloaded assembly
- Completed reload, in  1.055 seconds
Domain Reload Profiling:
	ReloadAssembly (1056ms)
		BeginReloadAssembly (129ms)
			ExecutionOrderSort (0ms)
			DisableScriptedObjects (5ms)
			BackupInstance (0ms)
			ReleaseScriptingObjects (0ms)
			CreateAndSetChildDomain (37ms)
		EndReloadAssembly (871ms)
			LoadAssemblies (100ms)
			RebuildTransferFunctionScriptingTraits (0ms)
			SetupTypeCache (340ms)
			ReleaseScriptCaches (1ms)
			RebuildScriptCaches (41ms)
			SetupLoadedEditorAssemblies (293ms)
				LogAssemblyErrors (0ms)
				InitializePlatformSupportModulesInManaged (5ms)
				SetLoadedEditorAssemblies (0ms)
				RefreshPlugins (1ms)
				BeforeProcessingInitializeOnLoad (49ms)
				ProcessInitializeOnLoadAttributes (230ms)
				ProcessInitializeOnLoadMethodAttributes (5ms)
				AfterProcessingInitializeOnLoad (2ms)
				EditorAssembliesLoaded (0ms)
			ExecutionOrderSort2 (0ms)
			AwakeInstancesAfterBackupRestoration (12ms)
Platform modules already initialized, skipping
Refreshing native plugins compatible for Editor in 1.42 ms, found 3 plugins.
Preloading 0 native plugins for Editor in 0.00 ms.
Unloading 2946 Unused Serialized files (Serialized files now loaded: 0)
System memory in use before: 131.5 MB.
System memory in use after: 131.7 MB.

Unloading 28 unused Assets to reduce memory usage. Loaded Objects now: 3516.
Total: 2.874700 ms (FindLiveObjects: 0.374100 ms CreateObjectMapping: 0.071500 ms MarkObjects: 2.294700 ms  DeleteObjects: 0.133400 ms)

AssetImportParameters requested are different than current active one (requested -> active):
  custom:framework-win-MediaFoundation: 216162199b28c13a410421893ffa2e32 -> 
  custom:video-decoder-ogg-theora: a1e56fd34408186e4bbccfd4996cb3dc -> 
  custom:container-muxer-webm: aa71ff27fc2769a1b78a27578f13a17b -> 
  custom:container-demuxer-webm: 4f35f7cbe854078d1ac9338744f61a02 -> 
  custom:container-demuxer-ogg: 62fdf1f143b41e24485cea50d1cbac27 -> 
  custom:video-encoder-webm-vp8: eb34c28f22e8b96e1ab97ce403110664 -> 
  custom:video-decoder-webm-vp8: 9c59270c3fd7afecdb556c50c9e8de78 -> 
  custom:audio-decoder-ogg-vorbis: bf7c407c2cedff20999df2af8eb42d56 -> 
  custom:audio-encoder-webm-vorbis: bf7c407c2cedff20999df2af8eb42d56 -> 
========================================================================
Received Prepare
Registering precompiled user dll's ...
Registered in 0.004747 seconds.
Begin MonoManager ReloadAssembly
Symbol file LoadedFromMemory doesn't match image E:\Programming\Personal\LD49\Library\PackageCache\com.unity.visualscripting@1.6.1\Editor\VisualScripting.Core\Dependencies\YamlDotNet\Unity.VisualScripting.YamlDotNet.dll
Symbol file LoadedFromMemory doesn't match image E:\Programming\Personal\LD49\Library\PackageCache\com.unity.visualscripting@1.6.1\Editor\VisualScripting.Core\Dependencies\DotNetZip\Unity.VisualScripting.IonicZip.dll
Native extension for WindowsStandalone target not found
Refreshing native plugins compatible for Editor in 0.96 ms, found 3 plugins.
Preloading 0 native plugins for Editor in 0.00 ms.
Mono: successfully reloaded assembly
- Completed reload, in  1.070 seconds
Domain Reload Profiling:
	ReloadAssembly (1070ms)
		BeginReloadAssembly (117ms)
			ExecutionOrderSort (0ms)
			DisableScriptedObjects (6ms)
			BackupInstance (0ms)
			ReleaseScriptingObjects (0ms)
			CreateAndSetChildDomain (34ms)
		EndReloadAssembly (896ms)
			LoadAssemblies (104ms)
			RebuildTransferFunctionScriptingTraits (0ms)
			SetupTypeCache (364ms)
			ReleaseScriptCaches (1ms)
			RebuildScriptCaches (40ms)
			SetupLoadedEditorAssemblies (296ms)
				LogAssemblyErrors (0ms)
				InitializePlatformSupportModulesInManaged (4ms)
				SetLoadedEditorAssemblies (0ms)
				RefreshPlugins (1ms)
				BeforeProcessingInitializeOnLoad (49ms)
				ProcessInitializeOnLoadAttributes (233ms)
				ProcessInitializeOnLoadMethodAttributes (4ms)
				AfterProcessingInitializeOnLoad (3ms)
				EditorAssembliesLoaded (0ms)
			ExecutionOrderSort2 (0ms)
			AwakeInstancesAfterBackupRestoration (12ms)
Platform modules already initialized, skipping
Refreshing native plugins compatible for Editor in 0.91 ms, found 3 plugins.
Preloading 0 native plugins for Editor in 0.00 ms.
Unloading 2946 Unused Serialized files (Serialized files now loaded: 0)
System memory in use before: 131.5 MB.
System memory in use after: 131.7 MB.

Unloading 18 unused Assets to reduce memory usage. Loaded Objects now: 3519.
Total: 3.150000 ms (FindLiveObjects: 0.360300 ms CreateObjectMapping: 0.076500 ms MarkObjects: 2.622200 ms  DeleteObjects: 0.089700 ms)

AssetImportParameters requested are different than current active one (requested -> active):
  custom:framework-win-MediaFoundation: 216162199b28c13a410421893ffa2e32 -> 
  custom:video-decoder-ogg-theora: a1e56fd34408186e4bbccfd4996cb3dc -> 
  custom:container-muxer-webm: aa71ff27fc2769a1b78a27578f13a17b -> 
  custom:container-demuxer-webm: 4f35f7cbe854078d1ac9338744f61a02 -> 
  custom:container-demuxer-ogg: 62fdf1f143b41e24485cea50d1cbac27 -> 
  custom:video-encoder-webm-vp8: eb34c28f22e8b96e1ab97ce403110664 -> 
  custom:video-decoder-webm-vp8: 9c59270c3fd7afecdb556c50c9e8de78 -> 
  custom:audio-decoder-ogg-vorbis: bf7c407c2cedff20999df2af8eb42d56 -> 
  custom:audio-encoder-webm-vorbis: bf7c407c2cedff20999df2af8eb42d56 -> 
========================================================================
Received Prepare
Registering precompiled user dll's ...
Registered in 0.004590 seconds.
Begin MonoManager ReloadAssembly
Symbol file LoadedFromMemory doesn't match image E:\Programming\Personal\LD49\Library\PackageCache\com.unity.visualscripting@1.6.1\Editor\VisualScripting.Core\Dependencies\YamlDotNet\Unity.VisualScripting.YamlDotNet.dll
Symbol file LoadedFromMemory doesn't match image E:\Programming\Personal\LD49\Library\PackageCache\com.unity.visualscripting@1.6.1\Editor\VisualScripting.Core\Dependencies\DotNetZip\Unity.VisualScripting.IonicZip.dll
Native extension for WindowsStandalone target not found
Refreshing native plugins compatible for Editor in 0.69 ms, found 3 plugins.
Preloading 0 native plugins for Editor in 0.00 ms.
Mono: successfully reloaded assembly
- Completed reload, in  0.981 seconds
Domain Reload Profiling:
	ReloadAssembly (982ms)
		BeginReloadAssembly (118ms)
			ExecutionOrderSort (0ms)
			DisableScriptedObjects (5ms)
			BackupInstance (0ms)
			ReleaseScriptingObjects (0ms)
			CreateAndSetChildDomain (34ms)
		EndReloadAssembly (810ms)
			LoadAssemblies (94ms)
			RebuildTransferFunctionScriptingTraits (0ms)
			SetupTypeCache (326ms)
			ReleaseScriptCaches (1ms)
			RebuildScriptCaches (39ms)
			SetupLoadedEditorAssemblies (267ms)
				LogAssemblyErrors (0ms)
				InitializePlatformSupportModulesInManaged (5ms)
				SetLoadedEditorAssemblies (0ms)
				RefreshPlugins (1ms)
				BeforeProcessingInitializeOnLoad (44ms)
				ProcessInitializeOnLoadAttributes (210ms)
				ProcessInitializeOnLoadMethodAttributes (4ms)
				AfterProcessingInitializeOnLoad (2ms)
				EditorAssembliesLoaded (0ms)
			ExecutionOrderSort2 (0ms)
			AwakeInstancesAfterBackupRestoration (11ms)
Platform modules already initialized, skipping
Refreshing native plugins compatible for Editor in 0.76 ms, found 3 plugins.
Preloading 0 native plugins for Editor in 0.00 ms.
Unloading 2946 Unused Serialized files (Serialized files now loaded: 0)
System memory in use before: 131.5 MB.
System memory in use after: 131.7 MB.

Unloading 18 unused Assets to reduce memory usage. Loaded Objects now: 3522.
Total: 3.024700 ms (FindLiveObjects: 0.285900 ms CreateObjectMapping: 0.075500 ms MarkObjects: 2.565100 ms  DeleteObjects: 0.096900 ms)

AssetImportParameters requested are different than current active one (requested -> active):
  custom:framework-win-MediaFoundation: 216162199b28c13a410421893ffa2e32 -> 
  custom:video-decoder-ogg-theora: a1e56fd34408186e4bbccfd4996cb3dc -> 
  custom:container-muxer-webm: aa71ff27fc2769a1b78a27578f13a17b -> 
  custom:container-demuxer-webm: 4f35f7cbe854078d1ac9338744f61a02 -> 
  custom:container-demuxer-ogg: 62fdf1f143b41e24485cea50d1cbac27 -> 
  custom:video-encoder-webm-vp8: eb34c28f22e8b96e1ab97ce403110664 -> 
  custom:video-decoder-webm-vp8: 9c59270c3fd7afecdb556c50c9e8de78 -> 
  custom:audio-decoder-ogg-vorbis: bf7c407c2cedff20999df2af8eb42d56 -> 
  custom:audio-encoder-webm-vorbis: bf7c407c2cedff20999df2af8eb42d56 -> 
========================================================================
Received Prepare
Registering precompiled user dll's ...
Registered in 0.004485 seconds.
Begin MonoManager ReloadAssembly
Symbol file LoadedFromMemory doesn't match image E:\Programming\Personal\LD49\Library\PackageCache\com.unity.visualscripting@1.6.1\Editor\VisualScripting.Core\Dependencies\YamlDotNet\Unity.VisualScripting.YamlDotNet.dll
Symbol file LoadedFromMemory doesn't match image E:\Programming\Personal\LD49\Library\PackageCache\com.unity.visualscripting@1.6.1\Editor\VisualScripting.Core\Dependencies\DotNetZip\Unity.VisualScripting.IonicZip.dll
Native extension for WindowsStandalone target not found
Refreshing native plugins compatible for Editor in 0.66 ms, found 3 plugins.
Preloading 0 native plugins for Editor in 0.00 ms.
Mono: successfully reloaded assembly
- Completed reload, in  0.980 seconds
Domain Reload Profiling:
	ReloadAssembly (980ms)
		BeginReloadAssembly (127ms)
			ExecutionOrderSort (0ms)
			DisableScriptedObjects (5ms)
			BackupInstance (0ms)
			ReleaseScriptingObjects (0ms)
			CreateAndSetChildDomain (35ms)
		EndReloadAssembly (797ms)
			LoadAssemblies (97ms)
			RebuildTransferFunctionScriptingTraits (0ms)
			SetupTypeCache (313ms)
			ReleaseScriptCaches (2ms)
			RebuildScriptCaches (38ms)
			SetupLoadedEditorAssemblies (265ms)
				LogAssemblyErrors (0ms)
				InitializePlatformSupportModulesInManaged (5ms)
				SetLoadedEditorAssemblies (0ms)
				RefreshPlugins (1ms)
				BeforeProcessingInitializeOnLoad (45ms)
				ProcessInitializeOnLoadAttributes (208ms)
				ProcessInitializeOnLoadMethodAttributes (4ms)
				AfterProcessingInitializeOnLoad (2ms)
				EditorAssembliesLoaded (0ms)
			ExecutionOrderSort2 (0ms)
			AwakeInstancesAfterBackupRestoration (11ms)
Platform modules already initialized, skipping
Refreshing native plugins compatible for Editor in 0.86 ms, found 3 plugins.
Preloading 0 native plugins for Editor in 0.00 ms.
Unloading 2946 Unused Serialized files (Serialized files now loaded: 0)
System memory in use before: 131.5 MB.
System memory in use after: 131.7 MB.

Unloading 18 unused Assets to reduce memory usage. Loaded Objects now: 3525.
Total: 2.810400 ms (FindLiveObjects: 0.298100 ms CreateObjectMapping: 0.074700 ms MarkObjects: 2.358600 ms  DeleteObjects: 0.077300 ms)

AssetImportParameters requested are different than current active one (requested -> active):
  custom:framework-win-MediaFoundation: 216162199b28c13a410421893ffa2e32 -> 
  custom:video-decoder-ogg-theora: a1e56fd34408186e4bbccfd4996cb3dc -> 
  custom:container-muxer-webm: aa71ff27fc2769a1b78a27578f13a17b -> 
  custom:container-demuxer-webm: 4f35f7cbe854078d1ac9338744f61a02 -> 
  custom:container-demuxer-ogg: 62fdf1f143b41e24485cea50d1cbac27 -> 
  custom:video-encoder-webm-vp8: eb34c28f22e8b96e1ab97ce403110664 -> 
  custom:video-decoder-webm-vp8: 9c59270c3fd7afecdb556c50c9e8de78 -> 
  custom:audio-decoder-ogg-vorbis: bf7c407c2cedff20999df2af8eb42d56 -> 
  custom:audio-encoder-webm-vorbis: bf7c407c2cedff20999df2af8eb42d56 -> 
========================================================================
Received Prepare
Registering precompiled user dll's ...
Registered in 0.004844 seconds.
Begin MonoManager ReloadAssembly
Symbol file LoadedFromMemory doesn't match image E:\Programming\Personal\LD49\Library\PackageCache\com.unity.visualscripting@1.6.1\Editor\VisualScripting.Core\Dependencies\YamlDotNet\Unity.VisualScripting.YamlDotNet.dll
Symbol file LoadedFromMemory doesn't match image E:\Programming\Personal\LD49\Library\PackageCache\com.unity.visualscripting@1.6.1\Editor\VisualScripting.Core\Dependencies\DotNetZip\Unity.VisualScripting.IonicZip.dll
Native extension for WindowsStandalone target not found
Refreshing native plugins compatible for Editor in 0.86 ms, found 3 plugins.
Preloading 0 native plugins for Editor in 0.00 ms.
Mono: successfully reloaded assembly
- Completed reload, in  1.002 seconds
Domain Reload Profiling:
	ReloadAssembly (1002ms)
		BeginReloadAssembly (130ms)
			ExecutionOrderSort (0ms)
			DisableScriptedObjects (5ms)
			BackupInstance (0ms)
			ReleaseScriptingObjects (0ms)
			CreateAndSetChildDomain (33ms)
		EndReloadAssembly (815ms)
			LoadAssemblies (105ms)
			RebuildTransferFunctionScriptingTraits (0ms)
			SetupTypeCache (321ms)
			ReleaseScriptCaches (2ms)
			RebuildScriptCaches (40ms)
			SetupLoadedEditorAssemblies (273ms)
				LogAssemblyErrors (0ms)
				InitializePlatformSupportModulesInManaged (4ms)
				SetLoadedEditorAssemblies (0ms)
				RefreshPlugins (1ms)
				BeforeProcessingInitializeOnLoad (45ms)
				ProcessInitializeOnLoadAttributes (216ms)
				ProcessInitializeOnLoadMethodAttributes (5ms)
				AfterProcessingInitializeOnLoad (2ms)
				EditorAssembliesLoaded (0ms)
			ExecutionOrderSort2 (0ms)
			AwakeInstancesAfterBackupRestoration (12ms)
Platform modules already initialized, skipping
Refreshing native plugins compatible for Editor in 0.79 ms, found 3 plugins.
Preloading 0 native plugins for Editor in 0.00 ms.
Unloading 2946 Unused Serialized files (Serialized files now loaded: 0)
System memory in use before: 131.5 MB.
System memory in use after: 131.7 MB.

Unloading 18 unused Assets to reduce memory usage. Loaded Objects now: 3528.
Total: 4.181300 ms (FindLiveObjects: 0.292200 ms CreateObjectMapping: 0.079000 ms MarkObjects: 3.718000 ms  DeleteObjects: 0.090400 ms)

AssetImportParameters requested are different than current active one (requested -> active):
  custom:framework-win-MediaFoundation: 216162199b28c13a410421893ffa2e32 -> 
  custom:video-decoder-ogg-theora: a1e56fd34408186e4bbccfd4996cb3dc -> 
  custom:container-muxer-webm: aa71ff27fc2769a1b78a27578f13a17b -> 
  custom:container-demuxer-webm: 4f35f7cbe854078d1ac9338744f61a02 -> 
  custom:container-demuxer-ogg: 62fdf1f143b41e24485cea50d1cbac27 -> 
  custom:video-encoder-webm-vp8: eb34c28f22e8b96e1ab97ce403110664 -> 
  custom:video-decoder-webm-vp8: 9c59270c3fd7afecdb556c50c9e8de78 -> 
  custom:audio-decoder-ogg-vorbis: bf7c407c2cedff20999df2af8eb42d56 -> 
  custom:audio-encoder-webm-vorbis: bf7c407c2cedff20999df2af8eb42d56 -> 
========================================================================
Received Prepare
Registering precompiled user dll's ...
Registered in 0.005283 seconds.
Begin MonoManager ReloadAssembly
Symbol file LoadedFromMemory doesn't match image E:\Programming\Personal\LD49\Library\PackageCache\com.unity.visualscripting@1.6.1\Editor\VisualScripting.Core\Dependencies\YamlDotNet\Unity.VisualScripting.YamlDotNet.dll
Symbol file LoadedFromMemory doesn't match image E:\Programming\Personal\LD49\Library\PackageCache\com.unity.visualscripting@1.6.1\Editor\VisualScripting.Core\Dependencies\DotNetZip\Unity.VisualScripting.IonicZip.dll
Native extension for WindowsStandalone target not found
Refreshing native plugins compatible for Editor in 0.96 ms, found 3 plugins.
Preloading 0 native plugins for Editor in 0.00 ms.
Mono: successfully reloaded assembly
- Completed reload, in  1.000 seconds
Domain Reload Profiling:
	ReloadAssembly (1000ms)
		BeginReloadAssembly (114ms)
			ExecutionOrderSort (0ms)
			DisableScriptedObjects (7ms)
			BackupInstance (0ms)
			ReleaseScriptingObjects (0ms)
			CreateAndSetChildDomain (34ms)
		EndReloadAssembly (830ms)
			LoadAssemblies (98ms)
			RebuildTransferFunctionScriptingTraits (0ms)
			SetupTypeCache (332ms)
			ReleaseScriptCaches (2ms)
			RebuildScriptCaches (39ms)
			SetupLoadedEditorAssemblies (274ms)
				LogAssemblyErrors (0ms)
				InitializePlatformSupportModulesInManaged (5ms)
				SetLoadedEditorAssemblies (0ms)
				RefreshPlugins (1ms)
				BeforeProcessingInitializeOnLoad (49ms)
				ProcessInitializeOnLoadAttributes (212ms)
				ProcessInitializeOnLoadMethodAttributes (4ms)
				AfterProcessingInitializeOnLoad (2ms)
				EditorAssembliesLoaded (0ms)
			ExecutionOrderSort2 (0ms)
			AwakeInstancesAfterBackupRestoration (11ms)
Platform modules already initialized, skipping
Refreshing native plugins compatible for Editor in 0.76 ms, found 3 plugins.
Preloading 0 native plugins for Editor in 0.00 ms.
Unloading 2946 Unused Serialized files (Serialized files now loaded: 0)
System memory in use before: 131.5 MB.
System memory in use after: 131.7 MB.

Unloading 18 unused Assets to reduce memory usage. Loaded Objects now: 3531.
Total: 2.765100 ms (FindLiveObjects: 0.506600 ms CreateObjectMapping: 0.090600 ms MarkObjects: 2.084300 ms  DeleteObjects: 0.082500 ms)

AssetImportParameters requested are different than current active one (requested -> active):
  custom:framework-win-MediaFoundation: 216162199b28c13a410421893ffa2e32 -> 
  custom:video-decoder-ogg-theora: a1e56fd34408186e4bbccfd4996cb3dc -> 
  custom:container-muxer-webm: aa71ff27fc2769a1b78a27578f13a17b -> 
  custom:container-demuxer-webm: 4f35f7cbe854078d1ac9338744f61a02 -> 
  custom:container-demuxer-ogg: 62fdf1f143b41e24485cea50d1cbac27 -> 
  custom:video-encoder-webm-vp8: eb34c28f22e8b96e1ab97ce403110664 -> 
  custom:video-decoder-webm-vp8: 9c59270c3fd7afecdb556c50c9e8de78 -> 
  custom:audio-decoder-ogg-vorbis: bf7c407c2cedff20999df2af8eb42d56 -> 
  custom:audio-encoder-webm-vorbis: bf7c407c2cedff20999df2af8eb42d56 -> 
========================================================================
Received Import Request.
  Time since last request: 1447.024569 seconds.
  path: Assets/Scripts/Player.cs
  artifactKey: Guid(d08ecaf618889d24387713ecb3f639ad) Importer(815301076,1909f56bfc062723c751e8b465ee728b)
Start importing Assets/Scripts/Player.cs using Guid(d08ecaf618889d24387713ecb3f639ad) Importer(815301076,1909f56bfc062723c751e8b465ee728b)  -> (artifact id: '2735adbb44da72836609d42cebe77a84') in 0.006499 seconds 
========================================================================
Received Prepare
Registering precompiled user dll's ...
Registered in 0.004445 seconds.
Begin MonoManager ReloadAssembly
Symbol file LoadedFromMemory doesn't match image E:\Programming\Personal\LD49\Library\PackageCache\com.unity.visualscripting@1.6.1\Editor\VisualScripting.Core\Dependencies\YamlDotNet\Unity.VisualScripting.YamlDotNet.dll
Symbol file LoadedFromMemory doesn't match image E:\Programming\Personal\LD49\Library\PackageCache\com.unity.visualscripting@1.6.1\Editor\VisualScripting.Core\Dependencies\DotNetZip\Unity.VisualScripting.IonicZip.dll
Native extension for WindowsStandalone target not found
Refreshing native plugins compatible for Editor in 0.75 ms, found 3 plugins.
Preloading 0 native plugins for Editor in 0.00 ms.
Mono: successfully reloaded assembly
- Completed reload, in  0.991 seconds
Domain Reload Profiling:
	ReloadAssembly (992ms)
		BeginReloadAssembly (125ms)
			ExecutionOrderSort (0ms)
			DisableScriptedObjects (5ms)
			BackupInstance (0ms)
			ReleaseScriptingObjects (0ms)
			CreateAndSetChildDomain (34ms)
		EndReloadAssembly (811ms)
			LoadAssemblies (95ms)
			RebuildTransferFunctionScriptingTraits (0ms)
			SetupTypeCache (310ms)
			ReleaseScriptCaches (1ms)
			RebuildScriptCaches (41ms)
			SetupLoadedEditorAssemblies (268ms)
				LogAssemblyErrors (0ms)
				InitializePlatformSupportModulesInManaged (4ms)
				SetLoadedEditorAssemblies (0ms)
				RefreshPlugins (1ms)
				BeforeProcessingInitializeOnLoad (45ms)
				ProcessInitializeOnLoadAttributes (210ms)
				ProcessInitializeOnLoadMethodAttributes (4ms)
				AfterProcessingInitializeOnLoad (3ms)
				EditorAssembliesLoaded (0ms)
			ExecutionOrderSort2 (0ms)
			AwakeInstancesAfterBackupRestoration (15ms)
Platform modules already initialized, skipping
Refreshing native plugins compatible for Editor in 1.02 ms, found 3 plugins.
Preloading 0 native plugins for Editor in 0.00 ms.
Unloading 2946 Unused Serialized files (Serialized files now loaded: 0)
System memory in use before: 131.5 MB.
System memory in use after: 131.7 MB.

Unloading 18 unused Assets to reduce memory usage. Loaded Objects now: 3534.
Total: 2.896500 ms (FindLiveObjects: 0.310000 ms CreateObjectMapping: 0.073800 ms MarkObjects: 2.421000 ms  DeleteObjects: 0.090100 ms)

AssetImportParameters requested are different than current active one (requested -> active):
  custom:framework-win-MediaFoundation: 216162199b28c13a410421893ffa2e32 -> 
  custom:video-decoder-ogg-theora: a1e56fd34408186e4bbccfd4996cb3dc -> 
  custom:container-muxer-webm: aa71ff27fc2769a1b78a27578f13a17b -> 
  custom:container-demuxer-webm: 4f35f7cbe854078d1ac9338744f61a02 -> 
  custom:container-demuxer-ogg: 62fdf1f143b41e24485cea50d1cbac27 -> 
  custom:video-encoder-webm-vp8: eb34c28f22e8b96e1ab97ce403110664 -> 
  custom:video-decoder-webm-vp8: 9c59270c3fd7afecdb556c50c9e8de78 -> 
  custom:audio-decoder-ogg-vorbis: bf7c407c2cedff20999df2af8eb42d56 -> 
  custom:audio-encoder-webm-vorbis: bf7c407c2cedff20999df2af8eb42d56 -> 
========================================================================
Received Import Request.
  Time since last request: 24.824980 seconds.
  path: Assets/Scripts/Player.cs
  artifactKey: Guid(d08ecaf618889d24387713ecb3f639ad) Importer(815301076,1909f56bfc062723c751e8b465ee728b)
Start importing Assets/Scripts/Player.cs using Guid(d08ecaf618889d24387713ecb3f639ad) Importer(815301076,1909f56bfc062723c751e8b465ee728b)  -> (artifact id: 'da5c211ef080bc2fa6f78db072adfaa3') in 0.005782 seconds 
========================================================================
Received Import Request.
  Time since last request: 263.592891 seconds.
  path: Assets/Scripts/PlayerStats.cs
  artifactKey: Guid(bf8b1589879e94f4ca7318487d9183cd) Importer(815301076,1909f56bfc062723c751e8b465ee728b)
Start importing Assets/Scripts/PlayerStats.cs using Guid(bf8b1589879e94f4ca7318487d9183cd) Importer(815301076,1909f56bfc062723c751e8b465ee728b)  -> (artifact id: '7992278a2429f374d4981e7c54cf8feb') in 0.015901 seconds 
========================================================================
Received Prepare
Registering precompiled user dll's ...
Registered in 0.004548 seconds.
Begin MonoManager ReloadAssembly
Symbol file LoadedFromMemory doesn't match image E:\Programming\Personal\LD49\Library\PackageCache\com.unity.visualscripting@1.6.1\Editor\VisualScripting.Core\Dependencies\YamlDotNet\Unity.VisualScripting.YamlDotNet.dll
Symbol file LoadedFromMemory doesn't match image E:\Programming\Personal\LD49\Library\PackageCache\com.unity.visualscripting@1.6.1\Editor\VisualScripting.Core\Dependencies\DotNetZip\Unity.VisualScripting.IonicZip.dll
Native extension for WindowsStandalone target not found
Refreshing native plugins compatible for Editor in 1.19 ms, found 3 plugins.
Preloading 0 native plugins for Editor in 0.00 ms.
Mono: successfully reloaded assembly
- Completed reload, in  0.989 seconds
Domain Reload Profiling:
	ReloadAssembly (990ms)
		BeginReloadAssembly (121ms)
			ExecutionOrderSort (0ms)
			DisableScriptedObjects (5ms)
			BackupInstance (0ms)
			ReleaseScriptingObjects (0ms)
			CreateAndSetChildDomain (34ms)
		EndReloadAssembly (807ms)
			LoadAssemblies (94ms)
			RebuildTransferFunctionScriptingTraits (0ms)
			SetupTypeCache (319ms)
			ReleaseScriptCaches (1ms)
			RebuildScriptCaches (37ms)
			SetupLoadedEditorAssemblies (267ms)
				LogAssemblyErrors (0ms)
				InitializePlatformSupportModulesInManaged (5ms)
				SetLoadedEditorAssemblies (0ms)
				RefreshPlugins (1ms)
				BeforeProcessingInitializeOnLoad (44ms)
				ProcessInitializeOnLoadAttributes (209ms)
				ProcessInitializeOnLoadMethodAttributes (4ms)
				AfterProcessingInitializeOnLoad (2ms)
				EditorAssembliesLoaded (0ms)
			ExecutionOrderSort2 (0ms)
			AwakeInstancesAfterBackupRestoration (12ms)
Platform modules already initialized, skipping
Refreshing native plugins compatible for Editor in 0.82 ms, found 3 plugins.
Preloading 0 native plugins for Editor in 0.00 ms.
Unloading 2947 Unused Serialized files (Serialized files now loaded: 0)
System memory in use before: 131.5 MB.
System memory in use after: 131.7 MB.

Unloading 18 unused Assets to reduce memory usage. Loaded Objects now: 3538.
Total: 2.434400 ms (FindLiveObjects: 0.304100 ms CreateObjectMapping: 0.074300 ms MarkObjects: 1.975600 ms  DeleteObjects: 0.078800 ms)

AssetImportParameters requested are different than current active one (requested -> active):
  custom:framework-win-MediaFoundation: 216162199b28c13a410421893ffa2e32 -> 
  custom:video-decoder-ogg-theora: a1e56fd34408186e4bbccfd4996cb3dc -> 
  custom:container-muxer-webm: aa71ff27fc2769a1b78a27578f13a17b -> 
  custom:container-demuxer-webm: 4f35f7cbe854078d1ac9338744f61a02 -> 
  custom:container-demuxer-ogg: 62fdf1f143b41e24485cea50d1cbac27 -> 
  custom:video-encoder-webm-vp8: eb34c28f22e8b96e1ab97ce403110664 -> 
  custom:video-decoder-webm-vp8: 9c59270c3fd7afecdb556c50c9e8de78 -> 
  custom:audio-decoder-ogg-vorbis: bf7c407c2cedff20999df2af8eb42d56 -> 
  custom:audio-encoder-webm-vorbis: bf7c407c2cedff20999df2af8eb42d56 -> 
========================================================================
Received Import Request.
  Time since last request: 351.569957 seconds.
  path: Assets/Scripts/PlayerStats.cs
  artifactKey: Guid(bf8b1589879e94f4ca7318487d9183cd) Importer(815301076,1909f56bfc062723c751e8b465ee728b)
Start importing Assets/Scripts/PlayerStats.cs using Guid(bf8b1589879e94f4ca7318487d9183cd) Importer(815301076,1909f56bfc062723c751e8b465ee728b)  -> (artifact id: 'fe2aef226d358916262857c3ab4fb469') in 0.008725 seconds 
========================================================================
Received Prepare
Registering precompiled user dll's ...
Registered in 0.004636 seconds.
Begin MonoManager ReloadAssembly
Symbol file LoadedFromMemory doesn't match image E:\Programming\Personal\LD49\Library\PackageCache\com.unity.visualscripting@1.6.1\Editor\VisualScripting.Core\Dependencies\YamlDotNet\Unity.VisualScripting.YamlDotNet.dll
Symbol file LoadedFromMemory doesn't match image E:\Programming\Personal\LD49\Library\PackageCache\com.unity.visualscripting@1.6.1\Editor\VisualScripting.Core\Dependencies\DotNetZip\Unity.VisualScripting.IonicZip.dll
Native extension for WindowsStandalone target not found
Refreshing native plugins compatible for Editor in 0.76 ms, found 3 plugins.
Preloading 0 native plugins for Editor in 0.00 ms.
Mono: successfully reloaded assembly
- Completed reload, in  0.993 seconds
Domain Reload Profiling:
	ReloadAssembly (994ms)
		BeginReloadAssembly (119ms)
			ExecutionOrderSort (0ms)
			DisableScriptedObjects (5ms)
			BackupInstance (0ms)
			ReleaseScriptingObjects (0ms)
			CreateAndSetChildDomain (32ms)
		EndReloadAssembly (816ms)
			LoadAssemblies (91ms)
			RebuildTransferFunctionScriptingTraits (0ms)
			SetupTypeCache (323ms)
			ReleaseScriptCaches (1ms)
			RebuildScriptCaches (39ms)
			SetupLoadedEditorAssemblies (274ms)
				LogAssemblyErrors (0ms)
				InitializePlatformSupportModulesInManaged (5ms)
				SetLoadedEditorAssemblies (0ms)
				RefreshPlugins (1ms)
				BeforeProcessingInitializeOnLoad (44ms)
				ProcessInitializeOnLoadAttributes (215ms)
				ProcessInitializeOnLoadMethodAttributes (5ms)
				AfterProcessingInitializeOnLoad (3ms)
				EditorAssembliesLoaded (0ms)
			ExecutionOrderSort2 (0ms)
			AwakeInstancesAfterBackupRestoration (14ms)
Platform modules already initialized, skipping
Refreshing native plugins compatible for Editor in 0.68 ms, found 3 plugins.
Preloading 0 native plugins for Editor in 0.00 ms.
Unloading 2947 Unused Serialized files (Serialized files now loaded: 0)
System memory in use before: 131.5 MB.
System memory in use after: 131.7 MB.

Unloading 18 unused Assets to reduce memory usage. Loaded Objects now: 3541.
Total: 3.021900 ms (FindLiveObjects: 0.298700 ms CreateObjectMapping: 0.074700 ms MarkObjects: 2.530600 ms  DeleteObjects: 0.116600 ms)

AssetImportParameters requested are different than current active one (requested -> active):
  custom:framework-win-MediaFoundation: 216162199b28c13a410421893ffa2e32 -> 
  custom:video-decoder-ogg-theora: a1e56fd34408186e4bbccfd4996cb3dc -> 
  custom:container-muxer-webm: aa71ff27fc2769a1b78a27578f13a17b -> 
  custom:container-demuxer-webm: 4f35f7cbe854078d1ac9338744f61a02 -> 
  custom:container-demuxer-ogg: 62fdf1f143b41e24485cea50d1cbac27 -> 
  custom:video-encoder-webm-vp8: eb34c28f22e8b96e1ab97ce403110664 -> 
  custom:video-decoder-webm-vp8: 9c59270c3fd7afecdb556c50c9e8de78 -> 
  custom:audio-decoder-ogg-vorbis: bf7c407c2cedff20999df2af8eb42d56 -> 
  custom:audio-encoder-webm-vorbis: bf7c407c2cedff20999df2af8eb42d56 -> 
